This is pdfTeX, Version 3.1415926-1.40.10 (TeX Live 2009/Debian) (format=pdflatex 2011.8.18)  20 AUG 2011 22:44
entering extended mode
 %&-line parsing enabled.
**main
(./main.tex
LaTeX2e <2009/09/24>
Babel <v3.8l> and hyphenation patterns for english, usenglishmax, dumylang, noh
yphenation, loaded.

! LaTeX Error: Missing \begin{document}.

See the LaTeX manual or LaTeX Companion for explanation.
Type  H <return>  for immediate help.
 ...                                              
                                                  
l.1 B
     1;2600;0c% -*- Mode:TeX -*-
? 
Missing character: There is no B in font nullfont!
Missing character: There is no 1 in font nullfont!
Missing character: There is no ; in font nullfont!
Missing character: There is no 2 in font nullfont!
Missing character: There is no 6 in font nullfont!
Missing character: There is no 0 in font nullfont!
Missing character: There is no 0 in font nullfont!
Missing character: There is no ; in font nullfont!
Missing character: There is no 0 in font nullfont!
Missing character: There is no c in font nullfont!

Overfull \hbox (20.0pt too wide) in paragraph at lines 1--2
[] 
 []

(./mitthesis.cls
Document Class: mitthesis 1999/10/20
\vithesis=\count79
(/usr/share/texmf-texlive/tex/latex/base/report.cls
Document Class: report 2007/10/19 v1.4h Standard LaTeX document class
(/usr/share/texmf-texlive/tex/latex/base/size12.clo
File: size12.clo 2007/10/19 v1.4h Standard LaTeX file (size option)
)
\c@part=\count80
\c@chapter=\count81
\c@section=\count82
\c@subsection=\count83
\c@subsubsection=\count84
\c@paragraph=\count85
\c@subparagraph=\count86
\c@figure=\count87
\c@table=\count88
\abovecaptionskip=\skip41
\belowcaptionskip=\skip42
\bibindent=\dimen102
 [1{/var/lib/texmf/fonts/map/pdftex/updmap/pdftex.map}]) (./setspace.sty
Package: setspace 2000/12/01 6.7 Contributed and Supported LaTeX2e package

Package: `setspace' 6.7 <2000/12/01>
)
Thesis document copyright MIT unless otherwise (manually) specified
\@titlesupervisor=\box26
\@abstractsupervisor=\box27
\c@savepage=\count89
) (/usr/share/texmf-texlive/tex/latex/graphics/color.sty
Package: color 2005/11/14 v1.0j Standard LaTeX Color (DPC)

(/etc/texmf/tex/latex/config/color.cfg
File: color.cfg 2007/01/18 v1.5 color configuration of teTeX/TeXLive
)
Package color Info: Driver file: pdftex.def on input line 130.

(/usr/share/texmf-texlive/tex/latex/pdftex-def/pdftex.def
File: pdftex.def 2010/03/12 v0.04p Graphics/color for pdfTeX
\Gread@gobject=\count90
)
(/usr/share/texmf-texlive/tex/latex/graphics/dvipsnam.def
File: dvipsnam.def 1999/02/16 v3.0i Driver-dependant file (DPC,SPQR)
))

! LaTeX Error: File `listings.sty' not found.

Type X to quit or <RETURN> to proceed,
or enter new name. (Default extension: sty)

Enter file name: 
(/usr/share/texmf-texlive/tex/latex/ltxmisc/url.sty
\Urlmuskip=\muskip10
Package: url 2006/04/12  ver 3.3  Verb mode for urls, etc.
)
(/usr/share/texmf-texlive/tex/latex/graphics/graphicx.sty
Package: graphicx 1999/02/16 v1.0f Enhanced LaTeX Graphics (DPC,SPQR)

(/usr/share/texmf-texlive/tex/latex/graphics/keyval.sty
Package: keyval 1999/03/16 v1.13 key=value parser (DPC)
\KV@toks@=\toks14
)
(/usr/share/texmf-texlive/tex/latex/graphics/graphics.sty
Package: graphics 2009/02/05 v1.0o Standard LaTeX Graphics (DPC,SPQR)

(/usr/share/texmf-texlive/tex/latex/graphics/trig.sty
Package: trig 1999/03/16 v1.09 sin cos tan (DPC)
)
(/etc/texmf/tex/latex/config/graphics.cfg
File: graphics.cfg 2009/08/28 v1.8 graphics configuration of TeX Live
)
Package graphics Info: Driver file: pdftex.def on input line 91.
)
\Gin@req@height=\dimen103
\Gin@req@width=\dimen104
)

! LaTeX Error: File `subfig.sty' not found.

Type X to quit or <RETURN> to proceed,
or enter new name. (Default extension: sty)

Enter file name: 
(./main.aux (./contents.aux) (./chap1.aux) (./chap2.aux) (./chap3.aux)
(./chap4.aux

LaTeX Warning: Label `opt:sil' multiply defined.

) (./chap5.aux) (./chap6.aux) (./biblio.aux))
\openout1 = `main.aux'.

LaTeX Font Info:    Checking defaults for OML/cmm/m/it on input line 40.
LaTeX Font Info:    ... okay on input line 40.
LaTeX Font Info:    Checking defaults for T1/cmr/m/n on input line 40.
LaTeX Font Info:    ... okay on input line 40.
LaTeX Font Info:    Checking defaults for OT1/cmr/m/n on input line 40.
LaTeX Font Info:    ... okay on input line 40.
LaTeX Font Info:    Checking defaults for OMS/cmsy/m/n on input line 40.
LaTeX Font Info:    ... okay on input line 40.
LaTeX Font Info:    Checking defaults for OMX/cmex/m/n on input line 40.
LaTeX Font Info:    ... okay on input line 40.
LaTeX Font Info:    Checking defaults for U/cmr/m/n on input line 40.
LaTeX Font Info:    ... okay on input line 40.

(/usr/share/texmf-texlive/tex/context/base/supp-pdf.mkii
[Loading MPS to PDF converter (version 2006.09.02).]
\scratchcounter=\count91
\scratchdimen=\dimen105
\scratchbox=\box28
\nofMPsegments=\count92
\nofMParguments=\count93
\everyMPshowfont=\toks15
\MPscratchCnt=\count94
\MPscratchDim=\dimen106
\MPnumerator=\count95
\everyMPtoPDFconversion=\toks16
)
\openout2 = `cover.aux'.

 (./cover.tex [2



]
LaTeX Font Info:    Try loading font information for OMS+cmr on input line 87.
 (/usr/share/texmf-texlive/tex/latex/base/omscmr.fd
File: omscmr.fd 1999/05/25 v2.5h Standard LaTeX font definitions
)
LaTeX Font Info:    Font shape `OMS/cmr/m/n' in size <14.4> not available
(Font)              Font shape `OMS/cmsy/m/n' tried instead on input line 87.
 [3]
[4

] (./abstract.tex) [5

] [6

] [7]
Underfull \hbox (badness 10000) in paragraph at lines 159--164

 []

) [8]
\openout2 = `contents.aux'.

 (./contents.tex (./main.toc
LaTeX Font Info:    External font `cmex10' loaded for size
(Font)              <12> on input line 2.
LaTeX Font Info:    External font `cmex10' loaded for size
(Font)              <8> on input line 2.
LaTeX Font Info:    External font `cmex10' loaded for size
(Font)              <6> on input line 2.
 [9



])
\tf@toc=\write3
\openout3 = `main.toc'.

 [10] (./main.lof)
\tf@lof=\write4
\openout4 = `main.lof'.

 [11

] [12] (./main.lot
Underfull \hbox (badness 10000) in paragraph at lines 8--8
  
 []


Underfull \hbox (badness 10000) in paragraph at lines 9--9
  
 []


Underfull \hbox (badness 10000) in paragraph at lines 10--10
  
 []

)
\tf@lot=\write5
\openout5 = `main.lot'.

 [13

]) [14]
\openout2 = `chap1.aux'.

 (./chap1.tex
Chapter 1.
[15



]
Underfull \vbox (badness 5652) has occurred while \output is active []

 [16]
Underfull \hbox (badness 10000) in paragraph at lines 108--112

 []

[17]
Underfull \hbox (badness 10000) in paragraph at lines 140--148

 []

[18]
Underfull \hbox (badness 10000) in paragraph at lines 149--159

 []


Underfull \hbox (badness 10000) in paragraph at lines 160--169

 []


LaTeX Warning: Reference `ch:case' on page 19 undefined on input line 184.


LaTeX Warning: Reference `ch:design' on page 19 undefined on input line 186.

) [19]
\openout2 = `chap2.aux'.

 (./chap2.tex [20



]
Chapter 2.
[21] <boot_first35seconds.png, id=78, 700.86844pt x 140.77594pt>
File: boot_first35seconds.png Graphic file (type png)

<use boot_first35seconds.png>
<boot_last35seconds.png, id=79, 747.54282pt x 146.04562pt>
File: boot_last35seconds.png Graphic file (type png)

<use boot_last35seconds.png> [22 <./boot_first35seconds.png (PNG copy)> <./boot
_last35seconds.png (PNG copy)>]

pdfTeX warning: pdflatex (file ./boottimeline.pdf): PDF inclusion: found PDF ve
rsion <1.5>, but at most version <1.4> allowed
<boottimeline.pdf, id=83, 722.7pt x 542.025pt>
File: boottimeline.pdf Graphic file (type pdf)
 <use boottimeline.pdf>
Underfull \vbox (badness 10000) has occurred while \output is active []

 [23 <./boottimeline.pdf>]

pdfTeX warning: pdflatex (file ./naivedatacollection.pdf): PDF inclusion: found
 PDF version <1.5>, but at most version <1.4> allowed
<naivedatacollection.pdf, id=98, 722.7pt x 542.025pt>
File: naivedatacollection.pdf Graphic file (type pdf)

<use naivedatacollection.pdf> [24 <./naivedatacollection.pdf>]
LaTeX Font Info:    External font `cmex10' loaded for size
(Font)              <14.4> on input line 140.
LaTeX Font Info:    External font `cmex10' loaded for size
(Font)              <7> on input line 140.

Underfull \hbox (badness 10000) in paragraph at lines 141--147

 []

! Undefined control sequence.
l.149   \lstset
               {frame=shadowbox, rulesepcolor=\color{Gray},
? 
! Undefined control sequence.
l.151   \lstinputlisting
                        [language=C]{helloworld.c}
? 

Underfull \hbox (badness 1043) in paragraph at lines 149--153
[]\OT1/cmr/m/n/12 frame=shadowbox, rule-sep-color=[], ba-sic-style=\OT1/cmr/m/n
/10.95 , num-bers=left, num-ber-style=[] \OT1/cmr/m/n/12 [lan-
 []

[25]
Underfull \hbox (badness 10000) in paragraph at lines 188--198

 []



pdfTeX warning: pdflatex (file ./log.pdf): PDF inclusion: found PDF version <1.
5>, but at most version <1.4> allowed
<log.pdf, id=121, 722.7pt x 542.025pt>
File: log.pdf Graphic file (type pdf)
 <use log.pdf> [26 <./log.pdf>]

pdfTeX warning: pdflatex (file ./log2.pdf): PDF inclusion: found PDF version <1
.5>, but at most version <1.4> allowed
<log2.pdf, id=132, 722.7pt x 542.025pt>
File: log2.pdf Graphic file (type pdf)
 <use log2.pdf> [27 <./log2.pdf>]

LaTeX Warning: Reference `ch:design' on page 28 undefined on input line 292.

[28] <trace.pdf, id=148, 578.16pt x 433.62pt>
File: trace.pdf Graphic file (type pdf)
 <use trace.pdf>
Underfull \vbox (badness 10000) has occurred while \output is active []

 [29 <./trace.pdf>]

pdfTeX warning: pdflatex (file ./liveness.pdf): PDF inclusion: found PDF versio
n <1.5>, but at most version <1.4> allowed
<liveness.pdf, id=209, 722.7pt x 542.025pt>
File: liveness.pdf Graphic file (type pdf)
 <use liveness.pdf>
Underfull \hbox (badness 10000) in paragraph at lines 374--374

 []

[30 <./liveness.pdf>]
Overfull \hbox (29.75562pt too wide) in paragraph at lines 410--439
 [] 
 []


LaTeX Warning: `h' float specifier changed to `ht'.

[31] <ntp-ch2.png, id=228, 1606.0pt x 1204.5pt>
File: ntp-ch2.png Graphic file (type png)
 <use ntp-ch2.png>
<cron-ch2.png, id=230, 1606.0pt x 1204.5pt>
File: cron-ch2.png Graphic file (type png)
 <use cron-ch2.png>

pdfTeX warning: pdflatex (file ./cronzoom-ch2.pdf): PDF inclusion: found PDF ve
rsion <1.5>, but at most version <1.4> allowed
<cronzoom-ch2.pdf, id=231, 722.7pt x 542.025pt>
File: cronzoom-ch2.pdf Graphic file (type pdf)
 <use cronzoom-ch2.pdf>
Overfull \hbox (43.75946pt too wide) in paragraph at lines 528--555
 [] 
 []

[32] [33 <./ntp-ch2.png> <./cron-ch2.png>] [34 <./cronzoom-ch2.pdf>]) [35]
\openout2 = `chap3.aux'.


(./chap3.tex [36



]
Chapter 3.

Underfull \hbox (badness 10000) in paragraph at lines 35--46

 []


Underfull \vbox (badness 10000) has occurred while \output is active []

 [37]
[38] [39]
LaTeX Font Info:    Font shape `OMS/cmr/m/n' in size <12> not available
(Font)              Font shape `OMS/cmsy/m/n' tried instead on input line 124.
 [40] [41]
Underfull \hbox (badness 10000) in paragraph at lines 264--273

 []

[42]
Underfull \hbox (badness 10000) in paragraph at lines 274--289

 []

[43]
Underfull \hbox (badness 10000) in paragraph at lines 318--332

 []


Underfull \hbox (badness 10000) in paragraph at lines 333--337

 []

LaTeX Font Info:    Font shape `OT1/cmtt/bx/n' in size <12> not available
(Font)              Font shape `OT1/cmtt/m/n' tried instead on input line 338.

Underfull \hbox (badness 10000) in paragraph at lines 351--377

 []


Underfull \vbox (badness 7981) has occurred while \output is active []

 [44]
[45]
Underfull \hbox (badness 10000) in paragraph at lines 463--475

 []


Underfull \vbox (badness 1014) has occurred while \output is active []

 [46]
[47]
Underfull \hbox (badness 10000) in paragraph at lines 577--579

 []

[48]
Underfull \hbox (badness 10000) in paragraph at lines 580--596

 []


Underfull \hbox (badness 10000) in paragraph at lines 597--610

 []


Underfull \hbox (badness 10000) in paragraph at lines 611--627

 []


Underfull \vbox (badness 1194) has occurred while \output is active []

 [49]

LaTeX Warning: Reference `ch:case' on page 50 undefined on input line 663.

) [50]
\openout2 = `chap4.aux'.

 (./chap4.tex
Chapter 4.
[51



]

LaTeX Warning: No positions in optional float specifier.
               Default added (so using `tbp') on input line 38.



pdfTeX warning: pdflatex (file ./overcommit.pdf): PDF inclusion: found PDF vers
ion <1.5>, but at most version <1.4> allowed
<overcommit.pdf, id=304, 722.7pt x 542.025pt>
File: overcommit.pdf Graphic file (type pdf)
 <use overcommit.pdf>
Overfull \hbox (212.82751pt too wide) in paragraph at lines 40--42
 [][] 
 []


Underfull \hbox (badness 10000) in paragraph at lines 67--92

 []

[52] [53 <./overcommit.pdf>] [54] [55] [56] [57] [58] [59]
Underfull \vbox (badness 1178) has occurred while \output is active []

 [60]
Underfull \hbox (badness 10000) in paragraph at lines 527--547

 []

[61]
Underfull \hbox (badness 10000) in paragraph at lines 548--553

 []



pdfTeX warning: pdflatex (file ./calc.pdf): PDF inclusion: found PDF version <1
.5>, but at most version <1.4> allowed
<calc.pdf, id=364, 722.7pt x 542.025pt>
File: calc.pdf Graphic file (type pdf)
 <use calc.pdf>
Overfull \hbox (23.04564pt too wide) in paragraph at lines 556--565
 [][] 
 []


Underfull \hbox (badness 10000) in paragraph at lines 569--576

 []



pdfTeX warning: pdflatex (file ./calc2.pdf): PDF inclusion: found PDF version <
1.5>, but at most version <1.4> allowed
<calc2.pdf, id=366, 722.7pt x 542.025pt>
File: calc2.pdf Graphic file (type pdf)
 <use calc2.pdf>
Overfull \hbox (23.04564pt too wide) in paragraph at lines 579--588
 [][] 
 []



pdfTeX warning: pdflatex (file ./calc3.pdf): PDF inclusion: found PDF version <
1.5>, but at most version <1.4> allowed
<calc3.pdf, id=368, 722.7pt x 542.025pt>
File: calc3.pdf Graphic file (type pdf)
 <use calc3.pdf>
Overfull \hbox (23.04564pt too wide) in paragraph at lines 603--612
 [][] 
 []

[62] [63 <./calc.pdf>] [64 <./calc2.pdf>] [65 <./calc3.pdf>] [66]
Underfull \hbox (badness 10000) in paragraph at lines 719--719

 []

[67]
Underfull \hbox (badness 10000) in paragraph at lines 762--762

 []


Underfull \hbox (badness 10000) in paragraph at lines 776--785

 []

[68]
Underfull \hbox (badness 10000) in paragraph at lines 808--808

 []


Overfull \hbox (35.95897pt too wide) in paragraph at lines 811--819
 [] 
 []

[69]

LaTeX Warning: No positions in optional float specifier.
               Default added (so using `tbp') on input line 853.



pdfTeX warning: pdflatex (file ./simulation.pdf): PDF inclusion: found PDF vers
ion <1.5>, but at most version <1.4> allowed
<simulation.pdf, id=492, 722.7pt x 542.025pt>
File: simulation.pdf Graphic file (type pdf)
 <use simulation.pdf>
Overfull \hbox (44.38516pt too wide) in paragraph at lines 856--867
 [] 
 []


Underfull \hbox (badness 10000) in paragraph at lines 891--900

 []

[70] [71 <./simulation.pdf>]
Underfull \hbox (badness 10000) in paragraph at lines 922--932

 []


Underfull \hbox (badness 10000) in paragraph at lines 954--982

 []

[72]
Underfull \hbox (badness 10000) in paragraph at lines 1033--1055

 []

[73]
Underfull \hbox (badness 10000) in paragraph at lines 1077--1089

 []



pdfTeX warning: pdflatex (file ./pid.pdf): PDF inclusion: found PDF version <1.
5>, but at most version <1.4> allowed
<pid.pdf, id=523, 722.7pt x 542.025pt>
File: pid.pdf Graphic file (type pdf)
 <use pid.pdf> [74]

! LaTeX Error: There's no line here to end.

See the LaTeX manual or LaTeX Companion for explanation.
Type  H <return>  for immediate help.
 ...                                              
                                                  
l.1123 \newline
               
? 

Underfull \hbox (badness 10000) in paragraph at lines 1125--1144

 []

[75 <./pid.pdf>] [76]
Underfull \hbox (badness 10000) in paragraph at lines 1183--1190

 []



pdfTeX warning: pdflatex (file ./epoll.pdf): PDF inclusion: found PDF version <
1.5>, but at most version <1.4> allowed
<epoll.pdf, id=572, 722.7pt x 542.025pt>
File: epoll.pdf Graphic file (type pdf)
 <use epoll.pdf> [77 <./epoll.pdf>]
Underfull \hbox (badness 10000) in paragraph at lines 1257--1262

 []

[78]
Underfull \hbox (badness 10000) in paragraph at lines 1280--1289

 []

) [79]
\openout2 = `chap5.aux'.

 (./chap5.tex [80



]
Chapter 5.
) [81]
\openout2 = `chap6.aux'.

 (./chap6.tex [82



]
Chapter 6.
) [83]
\openout2 = `biblio.aux'.

 (./biblio.tex (./main.bbl [84



]
Underfull \hbox (badness 6825) in paragraph at lines 29--34
[]\OT1/cmr/m/n/12 Solving Boot Storms With High Per-for-mance NAS.  $\OT1/cmtt/
m/n/12 http : / / www .
 []


Underfull \hbox (badness 10000) in paragraph at lines 29--34
\OT1/cmtt/m/n/12 storage-[]switzerland . com / Articles / Entries / 2011 / 1 / 
3 _ Solving _ Boot _
 []


Underfull \hbox (badness 1454) in paragraph at lines 60--64
[]\OT1/cmr/m/n/12 VMware Boot-storm on Ne-tApp.  $\OT1/cmtt/m/n/12 http : / / c
tistrategy . com / 2009 / 11 / 01 /
 []

[85]
Underfull \hbox (badness 2707) in paragraph at lines 100--104
[]\OT1/cmr/m/n/12 VMware Vir-tual Desk-top In-fras-truc-ture.  $\OT1/cmtt/m/n/1
2 http : / / www . vmware . com / pdf /
 []

)) [86] (./main.aux (./cover.aux) (./contents.aux) (./chap1.aux) (./chap2.aux)
(./chap3.aux) (./chap4.aux) (./chap5.aux) (./chap6.aux) (./biblio.aux))

LaTeX Warning: There were undefined references.


LaTeX Warning: There were multiply-defined labels.

 ) 
Here is how much of TeX's memory you used:
 1643 strings out of 495061
 21445 string characters out of 1182621
 81692 words of memory out of 3000000
 4751 multiletter control sequences out of 15000+50000
 11367 words of font info for 39 fonts, out of 3000000 for 9000
 28 hyphenation exceptions out of 8191
 28i,9n,22p,890b,305s stack positions out of 5000i,500n,10000p,200000b,50000s
</usr/share/texmf-texlive/fonts/type1/public/amsfonts/cm/cmbx12.pfb></usr/sha
re/texmf-texlive/fonts/type1/public/amsfonts/cm/cmbxti10.pfb></usr/share/texmf-
texlive/fonts/type1/public/amsfonts/cm/cmmi12.pfb></usr/share/texmf-texlive/fon
ts/type1/public/amsfonts/cm/cmmi6.pfb></usr/share/texmf-texlive/fonts/type1/pub
lic/amsfonts/cm/cmmi8.pfb></usr/share/texmf-texlive/fonts/type1/public/amsfonts
/cm/cmr10.pfb></usr/share/texmf-texlive/fonts/type1/public/amsfonts/cm/cmr12.pf
b></usr/share/texmf-texlive/fonts/type1/public/amsfonts/cm/cmr17.pfb></usr/shar
e/texmf-texlive/fonts/type1/public/amsfonts/cm/cmr8.pfb></usr/share/texmf-texli
ve/fonts/type1/public/amsfonts/cm/cmsy10.pfb></usr/share/texmf-texlive/fonts/ty
pe1/public/amsfonts/cm/cmti12.pfb></usr/share/texmf-texlive/fonts/type1/public/
amsfonts/cm/cmtt12.pfb>
Output written on main.pdf (86 pages, 1452284 bytes).
PDF statistics:
 693 PDF objects out of 1000 (max. 8388607)
 0 named destinations out of 1000 (max. 500000)
 91 words of extra memory for PDF output out of 10000 (max. 10000000)

